#
# A fatal error has been detected by the Java Runtime Environment:
#
#  EXCEPTION_ACCESS_VIOLATION (0xc0000005) at pc=0x0000000061327506, pid=3048, tid=0x0000000000001994
#
# JRE version: Java(TM) SE Runtime Environment (8.0_191-b12) (build 1.8.0_191-b12)
# Java VM: Java HotSpot(TM) 64-Bit Server VM (25.191-b12 mixed mode windows-amd64 compressed oops)
# Problematic frame:
# V  [jvm.dll+0x237506]
#
# Failed to write core dump. Minidumps are not enabled by default on client versions of Windows
#
# If you would like to submit a bug report, please visit:
#   http://bugreport.java.com/bugreport/crash.jsp
#

---------------  T H R E A D  ---------------

Current thread (0x00000000574ee800):  VMThread [stack: 0x0000000058360000,0x0000000058460000] [id=6548]

siginfo: ExceptionCode=0xc0000005, reading address 0x0000000000000008

Registers:
RAX=0x0000000000000000, RBX=0x000000005845e9b0, RCX=0x000000005845e9b0, RDX=0x0000000000000028
RSP=0x000000005845e6e0, RBP=0x000000005845eef0, RSI=0x0000000000000000, RDI=0x000000005845f080
R8 =0x0000000000000000, R9 =0x0000000056f600c0, R10=0x0000000000000008, R11=0x00000000616f8f18
R12=0x00000000573d5660, R13=0x000000005845eeb0, R14=0x00000000000003d8, R15=0x000000005845eea0
RIP=0x0000000061327506, EFLAGS=0x0000000000010202

Top of Stack: (sp=0x000000005845e6e0)
0x000000005845e6e0:   00000000573d54f0 0000000061327553
0x000000005845e6f0:   00000000574ed8a0 000000000000005e
0x000000005845e700:   0000000000000000 0000000000000000
0x000000005845e710:   000000005845ed90 000000005a2cbed0
0x000000005845e720:   000000005a2c05a0 000000005845edf0
0x000000005845e730:   000000005845edf0 000000006132774b
0x000000005845e740:   000000005a2c0ba0 00000000022f3528
0x000000005845e750:   0000a889d9c4508a 000000005a2c05a0
0x000000005845e760:   000000005845e8f0 000000006132798f
0x000000005845e770:   000000005845e8f0 0000000000000000
0x000000005845e780:   00000000022f0230 000000000274f860
0x000000005845e790:   0000000000000000 000000000000000f
0x000000005845e7a0:   000000005a2c0bf0 0000000061327553
0x000000005845e7b0:   0000000000000000 0000000700000007
0x000000005845e7c0:   000000009e08f86e 0000000000000007
0x000000005845e7d0:   000000005a2c0c20 000000005a2c0c60 

Instructions: (pc=0x0000000061327506)
0x00000000613274e6:   01 00 00 48 8b 05 c0 b4 5b 00 48 33 c4 48 89 84
0x00000000613274f6:   24 30 01 00 00 4c 63 41 10 48 8b 41 08 48 8b d9
0x0000000061327506:   42 38 54 00 08 74 33 44 0f be c2 48 8d 4c 24 20
0x0000000061327516:   48 8d 15 13 ef 3e 00 e8 ae e6 de ff 48 8d 0d 97 


Register to memory mapping:

RAX=0x0000000000000000 is an unknown value
RBX=0x000000005845e9b0 is an unknown value
RCX=0x000000005845e9b0 is an unknown value
RDX=0x0000000000000028 is an unknown value
RSP=0x000000005845e6e0 is an unknown value
RBP=0x000000005845eef0 is an unknown value
RSI=0x0000000000000000 is an unknown value
RDI=0x000000005845f080 is an unknown value
R8 =0x0000000000000000 is an unknown value
R9 =0x0000000056f600c0 is pointing into metadata
R10=0x0000000000000008 is an unknown value
R11=0x00000000616f8f18 is an unknown value
R12=0x00000000573d5660 is an unknown value
R13=0x000000005845eeb0 is an unknown value
R14=0x00000000000003d8 is an unknown value
R15=0x000000005845eea0 is an unknown value


Stack: [0x0000000058360000,0x0000000058460000],  sp=0x000000005845e6e0,  free space=1017k
Native frames: (J=compiled Java code, j=interpreted, Vv=VM code, C=native code)
V  [jvm.dll+0x237506]
V  [jvm.dll+0x237b84]
V  [jvm.dll+0xff633]
V  [jvm.dll+0x102723]
V  [jvm.dll+0x1031ef]
V  [jvm.dll+0x103a35]
V  [jvm.dll+0x103c82]
V  [jvm.dll+0xc525e]
V  [jvm.dll+0xc58e8]
V  [jvm.dll+0xc5a1a]
V  [jvm.dll+0xc5c18]
V  [jvm.dll+0x10fbba]
V  [jvm.dll+0x12d43f]
V  [jvm.dll+0x1bf3cf]
V  [jvm.dll+0x24d0c7]
V  [jvm.dll+0x24c366]
V  [jvm.dll+0x24c801]
V  [jvm.dll+0x24ca1e]
V  [jvm.dll+0x29eb9a]
C  [msvcr100.dll+0x21d9f]
C  [msvcr100.dll+0x21e3b]
C  [kernel32.dll+0x1652d]
C  [ntdll.dll+0x2c541]

VM_Operation (0x000000005921f700): GetOrSetLocal, mode: safepoint, requested by thread 0x00000000587fd000


---------------  P R O C E S S  ---------------

Java Threads: ( => current thread )
  0x000000005881e800 JavaThread "Service Thread" daemon [_thread_blocked, id=7668, stack(0x00000000596f0000,0x00000000597f0000)]
  0x000000005881e000 JavaThread "C1 CompilerThread2" daemon [_thread_blocked, id=5232, stack(0x00000000594b0000,0x00000000595b0000)]
  0x000000005881d000 JavaThread "C2 CompilerThread1" daemon [_thread_blocked, id=6876, stack(0x0000000058460000,0x0000000058560000)]
  0x0000000058821000 JavaThread "C2 CompilerThread0" daemon [_thread_blocked, id=7424, stack(0x00000000592c0000,0x00000000593c0000)]
  0x0000000058806000 JavaThread "JDWP Command Reader" daemon [_thread_in_native, id=6184, stack(0x0000000058be0000,0x0000000058ce0000)]
  0x0000000058805000 JavaThread "JDWP Event Helper Thread" daemon [_thread_blocked, id=2344, stack(0x0000000058f10000,0x0000000059010000)]
  0x00000000587fd000 JavaThread "JDWP Transport Listener: dt_socket" daemon [_thread_blocked, id=4176, stack(0x0000000059120000,0x0000000059220000)]
  0x00000000587e3800 JavaThread "Attach Listener" daemon [_thread_blocked, id=8140, stack(0x0000000058e00000,0x0000000058f00000)]
  0x00000000587e2800 JavaThread "Signal Dispatcher" daemon [_thread_blocked, id=716, stack(0x0000000058ce0000,0x0000000058de0000)]
  0x000000005753f000 JavaThread "Finalizer" daemon [_thread_blocked, id=6272, stack(0x00000000586d0000,0x00000000587d0000)]
  0x0000000057536000 JavaThread "Reference Handler" daemon [_thread_blocked, id=5168, stack(0x0000000058580000,0x0000000058680000)]
  0x000000000233a000 JavaThread "main" [_thread_blocked, id=7912, stack(0x0000000002650000,0x0000000002750000)]

Other Threads:
=>0x00000000574ee800 VMThread [stack: 0x0000000058360000,0x0000000058460000] [id=6548]
  0x000000005888f800 WatcherThread [stack: 0x00000000595b0000,0x00000000596b0000] [id=7312]

VM state:at safepoint (normal execution)

VM Mutex/Monitor currently owned by a thread:  ([mutex/lock_event])
[0x0000000002338a00] Threads_lock - owner thread: 0x00000000574ee800

Heap:
 PSYoungGen      total 38400K, used 17771K [0x00000000d5d00000, 0x00000000d8780000, 0x0000000100000000)
  eden space 33280K, 53% used [0x00000000d5d00000,0x00000000d6e5ac80,0x00000000d7d80000)
  from space 5120K, 0% used [0x00000000d8280000,0x00000000d8280000,0x00000000d8780000)
  to   space 5120K, 0% used [0x00000000d7d80000,0x00000000d7d80000,0x00000000d8280000)
 ParOldGen       total 87552K, used 0K [0x0000000081600000, 0x0000000086b80000, 0x00000000d5d00000)
  object space 87552K, 0% used [0x0000000081600000,0x0000000081600000,0x0000000086b80000)
 Metaspace       used 5641K, capacity 5744K, committed 5888K, reserved 1056768K
  class space    used 623K, capacity 656K, committed 768K, reserved 1048576K

Card table byte_map: [0x0000000011b10000,0x0000000011f10000] byte_map_base: 0x0000000011705000

Marking Bits: (ParMarkBitMap*) 0x0000000061913e30
 Begin Bits: [0x0000000012810000, 0x00000000147b8000)
 End Bits:   [0x00000000147b8000, 0x0000000016760000)

Polling page: 0x0000000000430000

CodeCache: size=245760Kb used=2792Kb max_used=2823Kb free=242967Kb
 bounds [0x0000000002750000, 0x0000000002a20000, 0x0000000011750000]
 total_blobs=788 nmethods=531 adapters=178
 compilation: enabled

Compilation events (10 events):
Event: 3.265 Thread 0x000000005881d000 nmethod 518 0x00000000029fca10 code [0x00000000029fcc20, 0x00000000029fdce0]
Event: 3.265 Thread 0x000000005881d000  533       4       org.jaxen.dom4j.DocumentNavigator::getChildAxisIterator (111 bytes)
Event: 3.333 Thread 0x000000005881d000 nmethod 533 0x0000000002a03a10 code [0x0000000002a03d00, 0x0000000002a07150]
Event: 3.333 Thread 0x000000005881d000  534       4       java.util.ArrayList::iterator (9 bytes)
Event: 3.334 Thread 0x000000005881d000 nmethod 534 0x00000000029f1310 code [0x00000000029f1460, 0x00000000029f1538]
Event: 3.334 Thread 0x000000005881d000  501       4       java.util.ArrayList$Itr::next (66 bytes)
Event: 3.335 Thread 0x000000005881d000 nmethod 501 0x00000000029fad10 code [0x00000000029fae60, 0x00000000029fafd8]
Event: 3.381 Thread 0x0000000058821000 nmethod 532 0x0000000002a11010 code [0x0000000002a113c0, 0x0000000002a16330]
Event: 112.731 Thread 0x000000005881e000  536       3       org.dom4j.QName::getNamespaceURI (18 bytes)
Event: 112.731 Thread 0x000000005881e000 nmethod 536 0x00000000029f3f90 code [0x00000000029f4100, 0x00000000029f42d0]

GC Heap History (0 events):
No events

Deoptimization events (5 events):
Event: 0.302 Thread 0x000000000233a000 Uncommon trap: reason=unstable_if action=reinterpret pc=0x0000000002907bd4 method=com.sun.org.apache.xerces.internal.impl.XMLEntityScanner.checkBeforeLoad(Lcom/sun/xml/internal/stream/Entity$ScannedEntity;II)I @ 18
Event: 0.335 Thread 0x000000000233a000 Uncommon trap: reason=unstable_if action=reinterpret pc=0x0000000002949224 method=com.sun.org.apache.xerces.internal.impl.io.UTF8Reader.read([CII)I @ 131
Event: 0.337 Thread 0x000000000233a000 Uncommon trap: reason=unstable_if action=reinterpret pc=0x0000000002900acc method=com.sun.org.apache.xerces.internal.impl.XMLEntityScanner.scanContent(Lcom/sun/org/apache/xerces/internal/xni/XMLString;)I @ 670
Event: 0.337 Thread 0x000000000233a000 Uncommon trap: reason=unstable_if action=reinterpret pc=0x0000000002901384 method=com.sun.org.apache.xerces.internal.impl.XMLEntityScanner.peekChar()I @ 51
Event: 3.242 Thread 0x000000000233a000 Uncommon trap: reason=unstable_if action=reinterpret pc=0x00000000029dec38 method=java.util.ArrayList.isEmpty()Z @ 4

Classes redefined (2 events):
Event: 117.687 Thread 0x00000000574ee800 redefined class name=com.example.demo.erwin.ErwinParser, count=1
Event: 381.690 Thread 0x00000000574ee800 redefined class name=com.example.demo.erwin.ErwinParser, count=2

Internal exceptions (6 events):
Event: 0.025 Thread 0x000000000233a000 Exception <a 'java/lang/NoSuchMethodError': Method sun.misc.Unsafe.defineClass(Ljava/lang/String;[BII)Ljava/lang/Class; name or signature does not match> (0x00000000d5d07cb0) thrown at [C:\re\workspace\8-2-build-windows-amd64-cygwin\jdk8u191\11896\hotspot
Event: 0.025 Thread 0x000000000233a000 Exception <a 'java/lang/NoSuchMethodError': Method sun.misc.Unsafe.prefetchRead(Ljava/lang/Object;J)V name or signature does not match> (0x00000000d5d07f98) thrown at [C:\re\workspace\8-2-build-windows-amd64-cygwin\jdk8u191\11896\hotspot\src\share\vm\prim
Event: 0.164 Thread 0x000000000233a000 Exception <a 'java/security/PrivilegedActionException'> (0x00000000d6012bc8) thrown at [C:\re\workspace\8-2-build-windows-amd64-cygwin\jdk8u191\11896\hotspot\src\share\vm\prims\jvm.cpp, line 1435]
Event: 0.164 Thread 0x000000000233a000 Exception <a 'java/security/PrivilegedActionException'> (0x00000000d6012fc0) thrown at [C:\re\workspace\8-2-build-windows-amd64-cygwin\jdk8u191\11896\hotspot\src\share\vm\prims\jvm.cpp, line 1435]
Event: 0.165 Thread 0x000000000233a000 Exception <a 'java/security/PrivilegedActionException'> (0x00000000d60170b8) thrown at [C:\re\workspace\8-2-build-windows-amd64-cygwin\jdk8u191\11896\hotspot\src\share\vm\prims\jvm.cpp, line 1435]
Event: 0.165 Thread 0x000000000233a000 Exception <a 'java/security/PrivilegedActionException'> (0x00000000d60174b0) thrown at [C:\re\workspace\8-2-build-windows-amd64-cygwin\jdk8u191\11896\hotspot\src\share\vm\prims\jvm.cpp, line 1435]

Events (10 events):
Event: 381.687 Executing VM operation: ChangeBreakpoints done
Event: 381.688 Executing VM operation: RedefineClasses
Event: 381.690 Executing VM operation: RedefineClasses done
Event: 381.691 Executing VM operation: GetOrSetLocal
Event: 381.691 Executing VM operation: GetOrSetLocal done
Event: 381.694 Executing VM operation: ChangeBreakpoints
Event: 381.694 Executing VM operation: ChangeBreakpoints done
Event: 381.695 Executing VM operation: ChangeBreakpoints
Event: 381.695 Executing VM operation: ChangeBreakpoints done
Event: 381.697 Executing VM operation: GetOrSetLocal


Dynamic libraries:
0x000000013ff90000 - 0x000000013ffc7000 	C:\Program Files\Java\jdk1.8.0_191\bin\java.exe
0x0000000077960000 - 0x0000000077b09000 	C:\Windows\SYSTEM32\ntdll.dll
0x0000000077840000 - 0x000000007795f000 	C:\Windows\system32\kernel32.dll
0x000007fefd940000 - 0x000007fefd9ab000 	C:\Windows\system32\KERNELBASE.dll
0x000007feff980000 - 0x000007feffa5b000 	C:\Windows\system32\ADVAPI32.dll
0x000007fefe800000 - 0x000007fefe89f000 	C:\Windows\system32\msvcrt.dll
0x000007fefe7e0000 - 0x000007fefe7ff000 	C:\Windows\SYSTEM32\sechost.dll
0x000007fefe5b0000 - 0x000007fefe6dd000 	C:\Windows\system32\RPCRT4.dll
0x0000000077740000 - 0x000000007783a000 	C:\Windows\system32\USER32.dll
0x000007fefe8a0000 - 0x000007fefe907000 	C:\Windows\system32\GDI32.dll
0x000007fefdeb0000 - 0x000007fefdebe000 	C:\Windows\system32\LPK.dll
0x000007fefe4e0000 - 0x000007fefe5a9000 	C:\Windows\system32\USP10.dll
0x000007fefbdd0000 - 0x000007fefbfc4000 	C:\Windows\WinSxS\amd64_microsoft.windows.common-controls_6595b64144ccf1df_6.0.7601.17514_none_fa396087175ac9ac\COMCTL32.dll
0x000007fefdc20000 - 0x000007fefdc91000 	C:\Windows\system32\SHLWAPI.dll
0x000007feff950000 - 0x000007feff97e000 	C:\Windows\system32\IMM32.DLL
0x000007fefe3b0000 - 0x000007fefe4b9000 	C:\Windows\system32\MSCTF.dll
0x000000006b930000 - 0x000000006ba02000 	C:\Program Files\Java\jdk1.8.0_191\jre\bin\msvcr100.dll
0x00000000610f0000 - 0x0000000061994000 	C:\Program Files\Java\jdk1.8.0_191\jre\bin\server\jvm.dll
0x000007fef9ca0000 - 0x000007fef9ca9000 	C:\Windows\system32\WSOCK32.dll
0x000007fefe990000 - 0x000007fefe9dd000 	C:\Windows\system32\WS2_32.dll
0x000007feffa60000 - 0x000007feffa68000 	C:\Windows\system32\NSI.dll
0x000007fef9cb0000 - 0x000007fef9ceb000 	C:\Windows\system32\WINMM.dll
0x000007fefc840000 - 0x000007fefc84c000 	C:\Windows\system32\VERSION.dll
0x0000000077b20000 - 0x0000000077b27000 	C:\Windows\system32\PSAPI.DLL
0x0000000071b60000 - 0x0000000071b6f000 	C:\Program Files\Java\jdk1.8.0_191\jre\bin\verify.dll
0x000000006f240000 - 0x000000006f269000 	C:\Program Files\Java\jdk1.8.0_191\jre\bin\java.dll
0x000000006f200000 - 0x000000006f235000 	C:\Program Files\Java\jdk1.8.0_191\jre\bin\jdwp.dll
0x0000000071b70000 - 0x0000000071b78000 	C:\Program Files\Java\jdk1.8.0_191\jre\bin\npt.dll
0x0000000071620000 - 0x0000000071636000 	C:\Program Files\Java\jdk1.8.0_191\jre\bin\zip.dll
0x000007fefebc0000 - 0x000007feff948000 	C:\Windows\system32\SHELL32.dll
0x000007fefdca0000 - 0x000007fefdea3000 	C:\Windows\system32\ole32.dll
0x000007fefd710000 - 0x000007fefd71f000 	C:\Windows\system32\profapi.dll
0x0000000071b50000 - 0x0000000071b59000 	C:\Program Files\Java\jdk1.8.0_191\jre\bin\dt_socket.dll
0x000007fefd000000 - 0x000007fefd055000 	C:\Windows\system32\mswsock.dll
0x000007fefc910000 - 0x000007fefc917000 	C:\Windows\System32\wshtcpip.dll
0x000007fefb370000 - 0x000007fefb495000 	C:\Windows\system32\dbghelp.dll

VM Arguments:
jvm_args: -agentlib:jdwp=transport=dt_socket,address=127.0.0.1:52361,suspend=y,server=n -Dfile.encoding=UTF-8 
java_command: com.example.demo.erwin.ErwinParser
java_class_path (initial): C:\Program Files\Java\jdk1.8.0_191\jre\lib\charsets.jar;C:\Program Files\Java\jdk1.8.0_191\jre\lib\deploy.jar;C:\Program Files\Java\jdk1.8.0_191\jre\lib\ext\access-bridge-64.jar;C:\Program Files\Java\jdk1.8.0_191\jre\lib\ext\cldrdata.jar;C:\Program Files\Java\jdk1.8.0_191\jre\lib\ext\dnsns.jar;C:\Program Files\Java\jdk1.8.0_191\jre\lib\ext\jaccess.jar;C:\Program Files\Java\jdk1.8.0_191\jre\lib\ext\jfxrt.jar;C:\Program Files\Java\jdk1.8.0_191\jre\lib\ext\localedata.jar;C:\Program Files\Java\jdk1.8.0_191\jre\lib\ext\nashorn.jar;C:\Program Files\Java\jdk1.8.0_191\jre\lib\ext\sunec.jar;C:\Program Files\Java\jdk1.8.0_191\jre\lib\ext\sunjce_provider.jar;C:\Program Files\Java\jdk1.8.0_191\jre\lib\ext\sunmscapi.jar;C:\Program Files\Java\jdk1.8.0_191\jre\lib\ext\sunpkcs11.jar;C:\Program Files\Java\jdk1.8.0_191\jre\lib\ext\zipfs.jar;C:\Program Files\Java\jdk1.8.0_191\jre\lib\javaws.jar;C:\Program Files\Java\jdk1.8.0_191\jre\lib\jce.jar;C:\Program Files\Java\jdk1.8.0_191\jre\lib\jfr.jar;C:\Program Files\Java\jdk1.8.0_191\jre\lib\jfxswt.jar;C:\Program Files\Java\jdk1.8.0_191\jre\lib\jsse.jar;C:\Program Files\Java\jdk1.8.0_191\jre\lib\management-agent.jar;C:\Program Files\Java\jdk1.8.0_191\jre\lib\plugin.jar;C:\Program Files\Java\jdk1.8.0_191\jre\lib\resources.jar;C:\Program Files\Java\jdk1.8.0_191\jre\lib\rt.jar;E:\idea\workspace\target\classes;E:\maven\localWarehouse\org\springframework\boot\spring-boot-starter-web\2.1.1.RELEASE\spring-boot-starter-web-2.1.1.RELEASE.jar;E:\maven\localWarehouse\org\springframework\boot\spring-boot-starter\2.1.1.RELEASE\spring-boot-starter-2.1.1.RELEASE.jar;E:\maven\localWarehouse\org\springframework\boot\spring-boot\2.1.1.RELEASE\spring-boot-2.1.1.RELEASE.jar;E:\maven\localWarehouse\org\springframework\boot\spring-boot-autoconfigure\2.1.1.RELEASE\spring-boot-autoconfigure-2.1.1.RELEASE.jar;E:\maven\localWarehouse\org\springframework\boot\spring-boot-starter-logging\2.1.1.RELEASE\spring-boot-starter-logging-2.1.1.REL
Launcher Type: SUN_STANDARD

Environment Variables:
JAVA_HOME=C:\Program Files\Java\jdk1.8.0_191
CLASSPATH=.;C:\Program Files\Java\jdk1.8.0_191\lib\dt.jar;C:\Program Files\Java\jdk1.8.0_191\lib\tools.jar;
PATH=E:\python\Scripts\;E:\python\;E:\maven\apache-maven-3.6.0\bin;E:\oracle\oracle\app\oracle\product\11.2.0\server\bin;;C:\Program Files (x86)\Common Files\Oracle\Java\javapath;C:\Windows\system32;C:\Windows;C:\Windows\System32\Wbem;C:\Windows\System32\WindowsPowerShell\v1.0\;C:\Program Files\Java\jdk1.8.0_191\bin;C:\Program Files\Java\jdk1.8.0_191\jre\bin
USERNAME=jiuqi
OS=Windows_NT
PROCESSOR_IDENTIFIER=Intel64 Family 6 Model 60 Stepping 3, GenuineIntel



---------------  S Y S T E M  ---------------

OS: Windows 7 , 64 bit Build 7601 (6.1.7601.18015)

CPU:total 4 (initial active 4) (4 cores per cpu, 1 threads per core) family 6 model 60 stepping 3, cmov, cx8, fxsr, mmx, sse, sse2, sse3, ssse3, sse4.1, sse4.2, popcnt, avx, avx2, aes, clmul, erms, lzcnt, tsc, tscinvbit, bmi1, bmi2

Memory: 4k page, physical 8294568k(3170516k free), swap 16587272k(7437020k free)

vm_info: Java HotSpot(TM) 64-Bit Server VM (25.191-b12) for windows-amd64 JRE (1.8.0_191-b12), built on Oct  6 2018 09:29:03 by "java_re" with MS VC++ 10.0 (VS2010)

time: Thu Jan 10 10:45:41 2019
elapsed time: 381 seconds (0d 0h 6m 21s)

